Copyright 1986-2014 Xilinx, Inc. All Rights Reserved.
-------------------------------------------------------------------------------------------
| Tool Version      : Vivado v.2014.4.1 (win64) Build 1149489 Thu Feb 19 16:23:09 MST 2015
| Date              : Mon Jun 15 13:22:34 2015
| Host              : ESIT052 running 64-bit Service Pack 1  (build 7601)
| Command           : report_timing_summary -file timing_impl.log
| Design            : system_top
| Device            : 7z020-clg484
| Speed File        : -1  PRODUCTION 1.11 2014-09-11
| Temperature Grade : C
-------------------------------------------------------------------------------------------

Timing Summary Report

------------------------------------------------------------------------------------------------
| Timer Settings
| --------------
------------------------------------------------------------------------------------------------

  Enable Multi Corner Analysis               :  Yes
  Enable Pessimism Removal                   :  Yes
  Pessimism Removal Resolution               :  Nearest Common Node
  Enable Input Delay Default Clock           :  No
  Enable Preset / Clear Arcs                 :  No
  Disable Flight Delays                      :  No

  Corner  Analyze    Analyze    
  Name    Max Paths  Min Paths  
  ------  ---------  ---------  
  Slow    Yes        Yes        
  Fast    Yes        Yes        



check_timing report

Table of Contents
-----------------
1. checking no_clock
2. checking constant_clock
3. checking pulse_width_clock
4. checking unconstrained_internal_endpoints
5. checking no_input_delay
6. checking no_output_delay
7. checking multiple_clock
8. checking generated_clocks
9. checking loops
10. checking partial_input_delay
11. checking partial_output_delay
12. checking unexpandable_clocks
13. checking latch_loops

1. checking no_clock
--------------------
 There are 0 register/latch pins with no clock.


2. checking constant_clock
--------------------------
 There are 0 register/latch pins with constant_clock.


3. checking pulse_width_clock
-----------------------------
 There are 0 register/latch pins which need pulse_width check


4. checking unconstrained_internal_endpoints
--------------------------------------------
 There are 0 pins that are not constrained for maximum delay.

 There are 0 pins that are not constrained for maximum delay due to constant clock.


5. checking no_input_delay
--------------------------
 There are 7 input ports with no input delay specified. (HIGH)

 There are 0 input ports with no input delay but user has a false path constraint.


6. checking no_output_delay
---------------------------
 There are 30 ports with no output delay specified. (HIGH)

 There are 0 ports with no output delay but user has a false path constraint

 There are 0 ports with no output delay but with a timing clock defined on it or propagating through it


7. checking multiple_clock
--------------------------
 There are 0 register/latch pins with multiple clocks.


8. checking generated_clocks
----------------------------
 There are 0 generated clocks that are not connected to a clock source.


9. checking loops
-----------------
 There are 0 combinational loops in the design.


10. checking partial_input_delay
--------------------------------
 There are 0 input ports with partial input delay specified.


11. checking partial_output_delay
---------------------------------
 There are 0 ports with partial output delay specified.


12. checking unexpandable_clocks
--------------------------------
 There are 3 unexpandable clock pairs. (HIGH)


13. checking latch_loops
------------------------
 There are 0 combinational latch loops in the design through latch input



------------------------------------------------------------------------------------------------
| Design Timing Summary
| ---------------------
------------------------------------------------------------------------------------------------

    WNS(ns)      TNS(ns)  TNS Failing Endpoints  TNS Total Endpoints      WHS(ns)      THS(ns)  THS Failing Endpoints  THS Total Endpoints     WPWS(ns)     TPWS(ns)  TPWS Failing Endpoints  TPWS Total Endpoints  
    -------      -------  ---------------------  -------------------      -------      -------  ---------------------  -------------------     --------     --------  ----------------------  --------------------  
      0.752        0.000                      0                13510        0.016        0.000                      0                13305        2.387        0.000                       0                  5671  


All user specified timing constraints are met.


------------------------------------------------------------------------------------------------
| Clock Summary
| -------------
------------------------------------------------------------------------------------------------

Clock                                                    Waveform(ns)         Period(ns)      Frequency(MHz)
-----                                                    ------------         ----------      --------------
clk_fpga_0                                               {0.000 5.000}        10.000          100.000         
clk_fpga_1                                               {0.000 2.500}        5.000           200.000         
  mmcm_clk_0_s                                           {0.000 3.367}        6.735           148.485         
  mmcm_fb_clk_s                                          {0.000 27.500}       55.000          18.182          
i_system_wrapper/system_i/sys_audio_clkgen/inst/clk_in1  {0.000 2.500}        5.000           200.000         
  clk_out1_system_sys_audio_clkgen_0                     {0.000 40.690}       81.380          12.288          
  clkfbout_system_sys_audio_clkgen_0                     {0.000 22.500}       45.000          22.222          


------------------------------------------------------------------------------------------------
| Intra Clock Table
| -----------------
------------------------------------------------------------------------------------------------

Clock                                                        WNS(ns)      TNS(ns)  TNS Failing Endpoints  TNS Total Endpoints      WHS(ns)      THS(ns)  THS Failing Endpoints  THS Total Endpoints     WPWS(ns)     TPWS(ns)  TPWS Failing Endpoints  TPWS Total Endpoints  
-----                                                        -------      -------  ---------------------  -------------------      -------      -------  ---------------------  -------------------     --------     --------  ----------------------  --------------------  
clk_fpga_0                                                     1.864        0.000                      0                10686        0.037        0.000                      0                10686        2.500        0.000                       0                  4627  
clk_fpga_1                                                                                                                                                                                                 2.845        0.000                       0                     2  
  mmcm_clk_0_s                                                 0.752        0.000                      0                 1549        0.016        0.000                      0                 1549        2.387        0.000                       0                   998  
  mmcm_fb_clk_s                                                                                                                                                                                           45.000        0.000                       0                     3  
i_system_wrapper/system_i/sys_audio_clkgen/inst/clk_in1                                                                                                                                                    3.751        0.000                       0                     1  
  clk_out1_system_sys_audio_clkgen_0                          78.511        0.000                      0                   61        0.099        0.000                      0                   61       39.440        0.000                       0                    37  
  clkfbout_system_sys_audio_clkgen_0                                                                                                                                                                      42.845        0.000                       0                     3  


------------------------------------------------------------------------------------------------
| Inter Clock Table
| -----------------
------------------------------------------------------------------------------------------------

From Clock                          To Clock                                WNS(ns)      TNS(ns)  TNS Failing Endpoints  TNS Total Endpoints      WHS(ns)      THS(ns)  THS Failing Endpoints  THS Total Endpoints  
----------                          --------                                -------      -------  ---------------------  -------------------      -------      -------  ---------------------  -------------------  
mmcm_clk_0_s                        clk_fpga_0                                8.328        0.000                      0                   46                                                                        
clk_out1_system_sys_audio_clkgen_0  clk_fpga_0                                7.726        0.000                      0                    4                                                                        
clk_fpga_0                          mmcm_clk_0_s                              4.789        0.000                      0                  167                                                                        
clk_fpga_0                          clk_out1_system_sys_audio_clkgen_0       79.274        0.000                      0                    5                                                                        


------------------------------------------------------------------------------------------------
| Other Path Groups Table
| -----------------------
------------------------------------------------------------------------------------------------

Path Group         From Clock         To Clock               WNS(ns)      TNS(ns)  TNS Failing Endpoints  TNS Total Endpoints      WHS(ns)      THS(ns)  THS Failing Endpoints  THS Total Endpoints  
----------         ----------         --------               -------      -------  ---------------------  -------------------      -------      -------  ---------------------  -------------------  
**async_default**  clk_fpga_0         clk_fpga_0               2.328        0.000                      0                 1009        0.367        0.000                      0                 1009  


------------------------------------------------------------------------------------------------
| Timing Details
| --------------
------------------------------------------------------------------------------------------------


---------------------------------------------------------------------------------------------------
From Clock:  clk_fpga_0
  To Clock:  clk_fpga_0

Setup :            0  Failing Endpoints,  Worst Slack        1.864ns,  Total Violation        0.000ns
Hold  :            0  Failing Endpoints,  Worst Slack        0.037ns,  Total Violation        0.000ns
PW    :            0  Failing Endpoints,  Worst Slack        2.500ns,  Total Violation        0.000ns
---------------------------------------------------------------------------------------------------


Max Delay Paths
--------------------------------------------------------------------------------------
Slack (MET) :             1.864ns  (required time - arrival time)
  Source:                 i_system_wrapper/system_i/sys_rstgen/U0/ACTIVE_LOW_PR_OUT_DFF[0].peripheral_aresetn_reg[0]/C
                            (rising edge-triggered cell FDRE clocked by clk_fpga_0  {rise@0.000ns fall@5.000ns period=10.000ns})
  Destination:            i_system_wrapper/system_i/axi_hp0_interconnect/s00_couplers/auto_pc/inst/gen_axi4_axi3.axi3_conv_inst/USE_READ.USE_SPLIT_R.read_addr_inst/next_mi_addr_reg[28]/R
                            (rising edge-triggered cell FDRE clocked by clk_fpga_0  {rise@0.000ns fall@5.000ns period=10.000ns})
  Path Group:             clk_fpga_0
  Path Type:              Setup (Max at Slow Process Corner)
  Requirement:            10.000ns  (clk_fpga_0 rise@10.000ns - clk_fpga_0 rise@0.000ns)
  Data Path Delay:        7.149ns  (logic 0.642ns (8.980%)  route 6.507ns (91.020%))
  Logic Levels:           1  (LUT1=1)
  Clock Path Skew:        -0.309ns (DCD - SCD + CPR)
    Destination Clock Delay (DCD):    2.700ns = ( 12.700 - 10.000 ) 
    Source Clock Delay      (SCD):    3.138ns
    Clock Pessimism Removal (CPR):    0.129ns
  Clock Uncertainty:      0.154ns  ((TSJ^2 + TIJ^2)^1/2 + DJ) / 2 + PE
    Total System Jitter     (TSJ):    0.071ns
    Total Input Jitter      (TIJ):    0.300ns
    Discrete Jitter          (DJ):    0.000ns
    Phase Error              (PE):    0.000ns

    Location             Delay type                Incr(ns)  Path(ns)    Netlist Resource(s)
  -------------------------------------------------------------------    -------------------
                         (clock clk_fpga_0 rise edge)
                                                      0.000     0.000 r  
    PS7_X0Y0             PS7                          0.000     0.000 r  i_system_wrapper/system_i/sys_ps7/inst/PS7_i/FCLKCLK[0]
                         net (fo=1, routed)           1.193     1.193    i_system_wrapper/system_i/sys_ps7/inst/FCLK_CLK_unbuffered[0]
    BUFGCTRL_X0Y16       BUFG (Prop_bufg_I_O)         0.101     1.294 r  i_system_wrapper/system_i/sys_ps7/inst/buffer_fclk_clk_0.FCLK_CLK_0_BUFG/O
                         net (fo=4631, routed)        1.844     3.138    i_system_wrapper/system_i/sys_rstgen/U0/slowest_sync_clk
    SLICE_X38Y105                                                     r  i_system_wrapper/system_i/sys_rstgen/U0/ACTIVE_LOW_PR_OUT_DFF[0].peripheral_aresetn_reg[0]/C
  -------------------------------------------------------------------    -------------------
    SLICE_X38Y105        FDRE (Prop_fdre_C_Q)         0.518     3.656 f  i_system_wrapper/system_i/sys_rstgen/U0/ACTIVE_LOW_PR_OUT_DFF[0].peripheral_aresetn_reg[0]/Q
                         net (fo=81, routed)          4.853     8.509    i_system_wrapper/system_i/axi_hp0_interconnect/s00_couplers/auto_pc/inst/gen_axi4_axi3.axi3_conv_inst/USE_READ.USE_SPLIT_R.read_addr_inst/USE_R_CHANNEL.cmd_queue/inst/aresetn
    SLICE_X22Y41         LUT1 (Prop_lut1_I0_O)        0.124     8.633 r  i_system_wrapper/system_i/axi_hp0_interconnect/s00_couplers/auto_pc/inst/gen_axi4_axi3.axi3_conv_inst/USE_READ.USE_SPLIT_R.read_addr_inst/USE_R_CHANNEL.cmd_queue/inst/S_AXI_ASIZE_Q[2]_i_1/O
                         net (fo=136, routed)         1.654    10.287    i_system_wrapper/system_i/axi_hp0_interconnect/s00_couplers/auto_pc/inst/gen_axi4_axi3.axi3_conv_inst/USE_READ.USE_SPLIT_R.read_addr_inst/n_1_USE_R_CHANNEL.cmd_queue
    SLICE_X26Y55         FDRE                                         r  i_system_wrapper/system_i/axi_hp0_interconnect/s00_couplers/auto_pc/inst/gen_axi4_axi3.axi3_conv_inst/USE_READ.USE_SPLIT_R.read_addr_inst/next_mi_addr_reg[28]/R
  -------------------------------------------------------------------    -------------------

                         (clock clk_fpga_0 rise edge)
                                                     10.000    10.000 r  
    PS7_X0Y0             PS7                          0.000    10.000 r  i_system_wrapper/system_i/sys_ps7/inst/PS7_i/FCLKCLK[0]
                         net (fo=1, routed)           1.088    11.088    i_system_wrapper/system_i/sys_ps7/inst/FCLK_CLK_unbuffered[0]
    BUFGCTRL_X0Y16       BUFG (Prop_bufg_I_O)         0.091    11.179 r  i_system_wrapper/system_i/sys_ps7/inst/buffer_fclk_clk_0.FCLK_CLK_0_BUFG/O
                         net (fo=4631, routed)        1.521    12.700    i_system_wrapper/system_i/axi_hp0_interconnect/s00_couplers/auto_pc/inst/gen_axi4_axi3.axi3_conv_inst/USE_READ.USE_SPLIT_R.read_addr_inst/aclk
    SLICE_X26Y55                                                      r  i_system_wrapper/system_i/axi_hp0_interconnect/s00_couplers/auto_pc/inst/gen_axi4_axi3.axi3_conv_inst/USE_READ.USE_SPLIT_R.read_addr_inst/next_mi_addr_reg[28]/C
                         clock pessimism              0.129    12.829    
                         clock uncertainty           -0.154    12.675    
    SLICE_X26Y55         FDRE (Setup_fdre_C_R)       -0.524    12.151    i_system_wrapper/system_i/axi_hp0_interconnect/s00_couplers/auto_pc/inst/gen_axi4_axi3.axi3_conv_inst/USE_READ.USE_SPLIT_R.read_addr_inst/next_mi_addr_reg[28]
  -------------------------------------------------------------------
                         required time                         12.151    
                         arrival time                         -10.287    
  -------------------------------------------------------------------
                         slack                                  1.864    





Min Delay Paths
--------------------------------------------------------------------------------------
Slack (MET) :             0.037ns  (arrival time - required time)
  Source:                 i_system_wrapper/system_i/axi_i2s_adi/U0/ctrl/rx_gen.rx/gen[0].data_latched_reg[0][0]/C
                            (rising edge-triggered cell FDRE clocked by clk_fpga_0  {rise@0.000ns fall@5.000ns period=10.000ns})
  Destination:            i_system_wrapper/system_i/axi_i2s_adi/U0/pl330_dma_rx_gen.rx_fifo/fifo/data_fifo_reg_0_7_0_5/RAMA/I
                            (rising edge-triggered cell RAMD32 clocked by clk_fpga_0  {rise@0.000ns fall@5.000ns period=10.000ns})
  Path Group:             clk_fpga_0
  Path Type:              Hold (Min at Fast Process Corner)
  Requirement:            0.000ns  (clk_fpga_0 rise@0.000ns - clk_fpga_0 rise@0.000ns)
  Data Path Delay:        0.197ns  (logic 0.141ns (71.611%)  route 0.056ns (28.389%))
  Logic Levels:           0  
  Clock Path Skew:        0.013ns (DCD - SCD - CPR)
    Destination Clock Delay (DCD):    1.175ns
    Source Clock Delay      (SCD):    0.880ns
    Clock Pessimism Removal (CPR):    0.282ns

    Location             Delay type                Incr(ns)  Path(ns)    Netlist Resource(s)
  -------------------------------------------------------------------    -------------------
                         (clock clk_fpga_0 rise edge)
                                                      0.000     0.000 r  
    PS7_X0Y0             PS7                          0.000     0.000 r  i_system_wrapper/system_i/sys_ps7/inst/PS7_i/FCLKCLK[0]
                         net (fo=1, routed)           0.310     0.310    i_system_wrapper/system_i/sys_ps7/inst/FCLK_CLK_unbuffered[0]
    BUFGCTRL_X0Y16       BUFG (Prop_bufg_I_O)         0.026     0.336 r  i_system_wrapper/system_i/sys_ps7/inst/buffer_fclk_clk_0.FCLK_CLK_0_BUFG/O
                         net (fo=4631, routed)        0.544     0.880    i_system_wrapper/system_i/axi_i2s_adi/U0/ctrl/rx_gen.rx/S_AXI_ACLK
    SLICE_X37Y76                                                      r  i_system_wrapper/system_i/axi_i2s_adi/U0/ctrl/rx_gen.rx/gen[0].data_latched_reg[0][0]/C
  -------------------------------------------------------------------    -------------------
    SLICE_X37Y76         FDRE (Prop_fdre_C_Q)         0.141     1.021 r  i_system_wrapper/system_i/axi_i2s_adi/U0/ctrl/rx_gen.rx/gen[0].data_latched_reg[0][0]/Q
                         net (fo=1, routed)           0.056     1.076    i_system_wrapper/system_i/axi_i2s_adi/U0/pl330_dma_rx_gen.rx_fifo/fifo/data_fifo_reg_0_7_0_5/DIA0
    SLICE_X36Y76         RAMD32                                       r  i_system_wrapper/system_i/axi_i2s_adi/U0/pl330_dma_rx_gen.rx_fifo/fifo/data_fifo_reg_0_7_0_5/RAMA/I
  -------------------------------------------------------------------    -------------------

                         (clock clk_fpga_0 rise edge)
                                                      0.000     0.000 r  
    PS7_X0Y0             PS7                          0.000     0.000 r  i_system_wrapper/system_i/sys_ps7/inst/PS7_i/FCLKCLK[0]
                         net (fo=1, routed)           0.337     0.337    i_system_wrapper/system_i/sys_ps7/inst/FCLK_CLK_unbuffered[0]
    BUFGCTRL_X0Y16       BUFG (Prop_bufg_I_O)         0.029     0.366 r  i_system_wrapper/system_i/sys_ps7/inst/buffer_fclk_clk_0.FCLK_CLK_0_BUFG/O
                         net (fo=4631, routed)        0.809     1.175    i_system_wrapper/system_i/axi_i2s_adi/U0/pl330_dma_rx_gen.rx_fifo/fifo/data_fifo_reg_0_7_0_5/WCLK
    SLICE_X36Y76                                                      r  i_system_wrapper/system_i/axi_i2s_adi/U0/pl330_dma_rx_gen.rx_fifo/fifo/data_fifo_reg_0_7_0_5/RAMA/CLK
                         clock pessimism             -0.282     0.893    
    SLICE_X36Y76         RAMD32 (Hold_ramd32_CLK_I)
                                                      0.147     1.040    i_system_wrapper/system_i/axi_i2s_adi/U0/pl330_dma_rx_gen.rx_fifo/fifo/data_fifo_reg_0_7_0_5/RAMA
  -------------------------------------------------------------------
                         required time                         -1.040    
                         arrival time                           1.076    
  -------------------------------------------------------------------
                         slack                                  0.037    





Pulse Width Checks
--------------------------------------------------------------------------------------
Clock Name:         clk_fpga_0
Waveform:           { 0 5 }
Period:             10.000
Sources:            { i_system_wrapper/system_i/sys_ps7/inst/PS7_i/FCLKCLK[0] }

Check Type        Corner  Lib Pin          Reference Pin  Required  Actual  Slack  Location         Pin                                                                    
Min Period        n/a     MMCME2_ADV/DCLK  n/a            4.999     10.000  5.001  MMCME2_ADV_X0Y0  i_system_wrapper/system_i/axi_hdmi_clkgen/inst/i_mmcm_drp/i_mmcm/DCLK  
Low Pulse Width   Slow    MMCME2_ADV/DCLK  n/a            2.500     5.000   2.500  MMCME2_ADV_X0Y0  i_system_wrapper/system_i/axi_hdmi_clkgen/inst/i_mmcm_drp/i_mmcm/DCLK  
High Pulse Width  Slow    MMCME2_ADV/DCLK  n/a            2.500     5.000   2.500  MMCME2_ADV_X0Y0  i_system_wrapper/system_i/axi_hdmi_clkgen/inst/i_mmcm_drp/i_mmcm/DCLK  



---------------------------------------------------------------------------------------------------
From Clock:  clk_fpga_1
  To Clock:  clk_fpga_1

Setup :           NA  Failing Endpoints,  Worst Slack           NA  ,  Total Violation           NA
Hold  :           NA  Failing Endpoints,  Worst Slack           NA  ,  Total Violation           NA
PW    :            0  Failing Endpoints,  Worst Slack        2.845ns,  Total Violation        0.000ns
---------------------------------------------------------------------------------------------------


Pulse Width Checks
--------------------------------------------------------------------------------------
Clock Name:         clk_fpga_1
Waveform:           { 0 2.5 }
Period:             5.000
Sources:            { i_system_wrapper/system_i/sys_ps7/inst/PS7_i/FCLKCLK[1] }

Check Type  Corner  Lib Pin            Reference Pin  Required  Actual  Slack   Location         Pin                                                                         
Min Period  n/a     BUFG/I             n/a            2.155     5.000   2.845   BUFGCTRL_X0Y17   i_system_wrapper/system_i/sys_ps7/inst/buffer_fclk_clk_1.FCLK_CLK_1_BUFG/I  
Max Period  n/a     MMCME2_ADV/CLKIN1  n/a            100.000   5.000   95.000  MMCME2_ADV_X0Y0  i_system_wrapper/system_i/axi_hdmi_clkgen/inst/i_mmcm_drp/i_mmcm/CLKIN1     



---------------------------------------------------------------------------------------------------
From Clock:  mmcm_clk_0_s
  To Clock:  mmcm_clk_0_s

Setup :            0  Failing Endpoints,  Worst Slack        0.752ns,  Total Violation        0.000ns
Hold  :            0  Failing Endpoints,  Worst Slack        0.016ns,  Total Violation        0.000ns
PW    :            0  Failing Endpoints,  Worst Slack        2.387ns,  Total Violation        0.000ns
---------------------------------------------------------------------------------------------------


Max Delay Paths
--------------------------------------------------------------------------------------
Slack (MET) :             0.752ns  (required time - arrival time)
  Source:                 i_system_wrapper/system_i/axi_hdmi_core/inst/i_up/i_hdmi_xfer_cntrl/d_data_cntrl_reg[133]/C
                            (rising edge-triggered cell FDRE clocked by mmcm_clk_0_s  {rise@0.000ns fall@3.367ns period=6.735ns})
  Destination:            i_system_wrapper/system_i/axi_hdmi_core/inst/i_tx_core/hdmi_vs_count_reg[0]/R
                            (rising edge-triggered cell FDRE clocked by mmcm_clk_0_s  {rise@0.000ns fall@3.367ns period=6.735ns})
  Path Group:             mmcm_clk_0_s
  Path Type:              Setup (Max at Slow Process Corner)
  Requirement:            6.735ns  (mmcm_clk_0_s rise@6.735ns - mmcm_clk_0_s rise@0.000ns)
  Data Path Delay:        5.345ns  (logic 2.377ns (44.475%)  route 2.968ns (55.525%))
  Logic Levels:           7  (CARRY4=4 LUT1=1 LUT2=1 LUT4=1)
  Clock Path Skew:        -0.062ns (DCD - SCD + CPR)
    Destination Clock Delay (DCD):    2.721ns = ( 9.455 - 6.735 ) 
    Source Clock Delay      (SCD):    3.012ns
    Clock Pessimism Removal (CPR):    0.229ns
  Clock Uncertainty:      0.147ns  ((TSJ^2 + DJ^2)^1/2) / 2 + PE
    Total System Jitter     (TSJ):    0.071ns
    Discrete Jitter          (DJ):    0.286ns
    Phase Error              (PE):    0.000ns

    Location             Delay type                Incr(ns)  Path(ns)    Netlist Resource(s)
  -------------------------------------------------------------------    -------------------
                         (clock mmcm_clk_0_s rise edge)
                                                      0.000     0.000 r  
    PS7_X0Y0             PS7                          0.000     0.000 r  i_system_wrapper/system_i/sys_ps7/inst/PS7_i/FCLKCLK[1]
                         net (fo=1, routed)           1.193     1.193    i_system_wrapper/system_i/sys_ps7/inst/FCLK_CLK_unbuffered[1]
    BUFGCTRL_X0Y17       BUFG (Prop_bufg_I_O)         0.101     1.294 r  i_system_wrapper/system_i/sys_ps7/inst/buffer_fclk_clk_1.FCLK_CLK_1_BUFG/O
                         net (fo=2, routed)           1.762     3.056    i_system_wrapper/system_i/axi_hdmi_clkgen/inst/i_mmcm_drp/clk
    MMCME2_ADV_X0Y0      MMCME2_ADV (Prop_mmcme2_adv_CLKIN1_CLKOUT0)
                                                     -3.715    -0.659 r  i_system_wrapper/system_i/axi_hdmi_clkgen/inst/i_mmcm_drp/i_mmcm/CLKOUT0
                         net (fo=1, routed)           1.855     1.196    i_system_wrapper/system_i/axi_hdmi_clkgen/inst/i_mmcm_drp/mmcm_clk_0_s
    BUFGCTRL_X0Y0        BUFG (Prop_bufg_I_O)         0.101     1.297 r  i_system_wrapper/system_i/axi_hdmi_clkgen/inst/i_mmcm_drp/i_clk_0_bufg/O
                         net (fo=996, routed)         1.715     3.012    i_system_wrapper/system_i/axi_hdmi_core/inst/i_up/i_hdmi_xfer_cntrl/hdmi_clk
    SLICE_X60Y60                                                      r  i_system_wrapper/system_i/axi_hdmi_core/inst/i_up/i_hdmi_xfer_cntrl/d_data_cntrl_reg[133]/C
  -------------------------------------------------------------------    -------------------
    SLICE_X60Y60         FDRE (Prop_fdre_C_Q)         0.456     3.468 f  i_system_wrapper/system_i/axi_hdmi_core/inst/i_up/i_hdmi_xfer_cntrl/d_data_cntrl_reg[133]/Q
                         net (fo=2, routed)           0.575     4.043    i_system_wrapper/system_i/axi_hdmi_core/inst/i_up/i_hdmi_xfer_cntrl/O8[116]
    SLICE_X62Y61         LUT1 (Prop_lut1_I0_O)        0.124     4.167 r  i_system_wrapper/system_i/axi_hdmi_core/inst/i_up/i_hdmi_xfer_cntrl/hdmi_hs_count[0]_i_35/O
                         net (fo=1, routed)           0.000     4.167    i_system_wrapper/system_i/axi_hdmi_core/inst/i_tx_core/I15[1]
    SLICE_X62Y61         CARRY4 (Prop_carry4_S[1]_CO[3])
                                                      0.533     4.700 r  i_system_wrapper/system_i/axi_hdmi_core/inst/i_tx_core/hdmi_hs_count_reg[0]_i_23/CO[3]
                         net (fo=1, routed)           0.000     4.700    i_system_wrapper/system_i/axi_hdmi_core/inst/i_tx_core/n_0_hdmi_hs_count_reg[0]_i_23
    SLICE_X62Y62         CARRY4 (Prop_carry4_CI_CO[3])
                                                      0.117     4.817 r  i_system_wrapper/system_i/axi_hdmi_core/inst/i_tx_core/hdmi_hs_count_reg[0]_i_22/CO[3]
                         net (fo=1, routed)           0.000     4.817    i_system_wrapper/system_i/axi_hdmi_core/inst/i_tx_core/n_0_hdmi_hs_count_reg[0]_i_22
    SLICE_X62Y63         CARRY4 (Prop_carry4_CI_O[3])
                                                      0.315     5.132 r  i_system_wrapper/system_i/axi_hdmi_core/inst/i_tx_core/hdmi_hs_count_reg[0]_i_21/O[3]
                         net (fo=2, routed)           0.728     5.860    i_system_wrapper/system_i/axi_hdmi_core/inst/i_tx_core/hdmi_hl_width_s[15]
    SLICE_X63Y61         LUT4 (Prop_lut4_I0_O)        0.307     6.167 r  i_system_wrapper/system_i/axi_hdmi_core/inst/i_tx_core/hdmi_hs_count[0]_i_8/O
                         net (fo=1, routed)           0.000     6.167    i_system_wrapper/system_i/axi_hdmi_core/inst/i_tx_core/n_0_hdmi_hs_count[0]_i_8
    SLICE_X63Y61         CARRY4 (Prop_carry4_S[3]_CO[3])
                                                      0.401     6.568 r  i_system_wrapper/system_i/axi_hdmi_core/inst/i_tx_core/hdmi_hs_count_reg[0]_i_1/CO[3]
                         net (fo=33, routed)          0.925     7.493    i_system_wrapper/system_i/axi_hdmi_core/inst/i_tx_core/n_0_hdmi_hs_count_reg[0]_i_1
    SLICE_X59Y61         LUT2 (Prop_lut2_I1_O)        0.124     7.617 r  i_system_wrapper/system_i/axi_hdmi_core/inst/i_tx_core/hdmi_vs_count[0]_i_1/O
                         net (fo=16, routed)          0.739     8.357    i_system_wrapper/system_i/axi_hdmi_core/inst/i_tx_core/n_0_hdmi_vs_count[0]_i_1
    SLICE_X57Y57         FDRE                                         r  i_system_wrapper/system_i/axi_hdmi_core/inst/i_tx_core/hdmi_vs_count_reg[0]/R
  -------------------------------------------------------------------    -------------------

                         (clock mmcm_clk_0_s rise edge)
                                                      6.735     6.735 r  
    PS7_X0Y0             PS7                          0.000     6.735 r  i_system_wrapper/system_i/sys_ps7/inst/PS7_i/FCLKCLK[1]
                         net (fo=1, routed)           1.088     7.823    i_system_wrapper/system_i/sys_ps7/inst/FCLK_CLK_unbuffered[1]
    BUFGCTRL_X0Y17       BUFG (Prop_bufg_I_O)         0.091     7.914 r  i_system_wrapper/system_i/sys_ps7/inst/buffer_fclk_clk_1.FCLK_CLK_1_BUFG/O
                         net (fo=2, routed)           1.570     9.484    i_system_wrapper/system_i/axi_hdmi_clkgen/inst/i_mmcm_drp/clk
    MMCME2_ADV_X0Y0      MMCME2_ADV (Prop_mmcme2_adv_CLKIN1_CLKOUT0)
                                                     -3.349     6.135 r  i_system_wrapper/system_i/axi_hdmi_clkgen/inst/i_mmcm_drp/i_mmcm/CLKOUT0
                         net (fo=1, routed)           1.691     7.826    i_system_wrapper/system_i/axi_hdmi_clkgen/inst/i_mmcm_drp/mmcm_clk_0_s
    BUFGCTRL_X0Y0        BUFG (Prop_bufg_I_O)         0.091     7.917 r  i_system_wrapper/system_i/axi_hdmi_clkgen/inst/i_mmcm_drp/i_clk_0_bufg/O
                         net (fo=996, routed)         1.539     9.455    i_system_wrapper/system_i/axi_hdmi_core/inst/i_tx_core/hdmi_clk
    SLICE_X57Y57                                                      r  i_system_wrapper/system_i/axi_hdmi_core/inst/i_tx_core/hdmi_vs_count_reg[0]/C
                         clock pessimism              0.229     9.685    
                         clock uncertainty           -0.147     9.537    
    SLICE_X57Y57         FDRE (Setup_fdre_C_R)       -0.429     9.108    i_system_wrapper/system_i/axi_hdmi_core/inst/i_tx_core/hdmi_vs_count_reg[0]
  -------------------------------------------------------------------
                         required time                          9.108    
                         arrival time                          -8.357    
  -------------------------------------------------------------------
                         slack                                  0.752    





Min Delay Paths
--------------------------------------------------------------------------------------
Slack (MET) :             0.016ns  (arrival time - required time)
  Source:                 i_system_wrapper/system_i/axi_hdmi_core/inst/i_tx_core/i_ss_444to422/s444_data_3d_reg[15]/C
                            (rising edge-triggered cell FDRE clocked by mmcm_clk_0_s  {rise@0.000ns fall@3.367ns period=6.735ns})
  Destination:            i_system_wrapper/system_i/axi_hdmi_core/inst/i_tx_core/i_ss_444to422/s422_data_reg[7]/D
                            (rising edge-triggered cell FDRE clocked by mmcm_clk_0_s  {rise@0.000ns fall@3.367ns period=6.735ns})
  Path Group:             mmcm_clk_0_s
  Path Type:              Hold (Min at Fast Process Corner)
  Requirement:            0.000ns  (mmcm_clk_0_s rise@0.000ns - mmcm_clk_0_s rise@0.000ns)
  Data Path Delay:        0.344ns  (logic 0.141ns (40.957%)  route 0.203ns (59.043%))
  Logic Levels:           0  
  Clock Path Skew:        0.256ns (DCD - SCD - CPR)
    Destination Clock Delay (DCD):    1.182ns
    Source Clock Delay      (SCD):    0.891ns
    Clock Pessimism Removal (CPR):    0.035ns

    Location             Delay type                Incr(ns)  Path(ns)    Netlist Resource(s)
  -------------------------------------------------------------------    -------------------
                         (clock mmcm_clk_0_s rise edge)
                                                      0.000     0.000 r  
    PS7_X0Y0             PS7                          0.000     0.000 r  i_system_wrapper/system_i/sys_ps7/inst/PS7_i/FCLKCLK[1]
                         net (fo=1, routed)           0.310     0.310    i_system_wrapper/system_i/sys_ps7/inst/FCLK_CLK_unbuffered[1]
    BUFGCTRL_X0Y17       BUFG (Prop_bufg_I_O)         0.026     0.336 r  i_system_wrapper/system_i/sys_ps7/inst/buffer_fclk_clk_1.FCLK_CLK_1_BUFG/O
                         net (fo=2, routed)           0.580     0.915    i_system_wrapper/system_i/axi_hdmi_clkgen/inst/i_mmcm_drp/clk
    MMCME2_ADV_X0Y0      MMCME2_ADV (Prop_mmcme2_adv_CLKIN1_CLKOUT0)
                                                     -1.122    -0.206 r  i_system_wrapper/system_i/axi_hdmi_clkgen/inst/i_mmcm_drp/i_mmcm/CLKOUT0
                         net (fo=1, routed)           0.518     0.312    i_system_wrapper/system_i/axi_hdmi_clkgen/inst/i_mmcm_drp/mmcm_clk_0_s
    BUFGCTRL_X0Y0        BUFG (Prop_bufg_I_O)         0.026     0.338 r  i_system_wrapper/system_i/axi_hdmi_clkgen/inst/i_mmcm_drp/i_clk_0_bufg/O
                         net (fo=996, routed)         0.553     0.890    i_system_wrapper/system_i/axi_hdmi_core/inst/i_tx_core/i_ss_444to422/hdmi_clk
    SLICE_X49Y32                                                      r  i_system_wrapper/system_i/axi_hdmi_core/inst/i_tx_core/i_ss_444to422/s444_data_3d_reg[15]/C
  -------------------------------------------------------------------    -------------------
    SLICE_X49Y32         FDRE (Prop_fdre_C_Q)         0.141     1.031 r  i_system_wrapper/system_i/axi_hdmi_core/inst/i_tx_core/i_ss_444to422/s444_data_3d_reg[15]/Q
                         net (fo=1, routed)           0.203     1.235    i_system_wrapper/system_i/axi_hdmi_core/inst/i_tx_core/i_ss_444to422/n_0_s444_data_3d_reg[15]
    SLICE_X52Y31         FDRE                                         r  i_system_wrapper/system_i/axi_hdmi_core/inst/i_tx_core/i_ss_444to422/s422_data_reg[7]/D
  -------------------------------------------------------------------    -------------------

                         (clock mmcm_clk_0_s rise edge)
                                                      0.000     0.000 r  
    PS7_X0Y0             PS7                          0.000     0.000 r  i_system_wrapper/system_i/sys_ps7/inst/PS7_i/FCLKCLK[1]
                         net (fo=1, routed)           0.337     0.337    i_system_wrapper/system_i/sys_ps7/inst/FCLK_CLK_unbuffered[1]
    BUFGCTRL_X0Y17       BUFG (Prop_bufg_I_O)         0.029     0.366 r  i_system_wrapper/system_i/sys_ps7/inst/buffer_fclk_clk_1.FCLK_CLK_1_BUFG/O
                         net (fo=2, routed)           0.846     1.212    i_system_wrapper/system_i/axi_hdmi_clkgen/inst/i_mmcm_drp/clk
    MMCME2_ADV_X0Y0      MMCME2_ADV (Prop_mmcme2_adv_CLKIN1_CLKOUT0)
                                                     -1.437    -0.225 r  i_system_wrapper/system_i/axi_hdmi_clkgen/inst/i_mmcm_drp/i_mmcm/CLKOUT0
                         net (fo=1, routed)           0.564     0.339    i_system_wrapper/system_i/axi_hdmi_clkgen/inst/i_mmcm_drp/mmcm_clk_0_s
    BUFGCTRL_X0Y0        BUFG (Prop_bufg_I_O)         0.029     0.368 r  i_system_wrapper/system_i/axi_hdmi_clkgen/inst/i_mmcm_drp/i_clk_0_bufg/O
                         net (fo=996, routed)         0.814     1.182    i_system_wrapper/system_i/axi_hdmi_core/inst/i_tx_core/i_ss_444to422/hdmi_clk
    SLICE_X52Y31                                                      r  i_system_wrapper/system_i/axi_hdmi_core/inst/i_tx_core/i_ss_444to422/s422_data_reg[7]/C
                         clock pessimism             -0.035     1.147    
    SLICE_X52Y31         FDRE (Hold_fdre_C_D)         0.072     1.219    i_system_wrapper/system_i/axi_hdmi_core/inst/i_tx_core/i_ss_444to422/s422_data_reg[7]
  -------------------------------------------------------------------
                         required time                         -1.219    
                         arrival time                           1.235    
  -------------------------------------------------------------------
                         slack                                  0.016    





Pulse Width Checks
--------------------------------------------------------------------------------------
Clock Name:         mmcm_clk_0_s
Waveform:           { 0 3.36735 }
Period:             6.735
Sources:            { i_system_wrapper/system_i/axi_hdmi_clkgen/inst/i_mmcm_drp/i_mmcm/CLKOUT0 }

Check Type        Corner  Lib Pin             Reference Pin  Required  Actual  Slack    Location         Pin                                                                                                                  
Min Period        n/a     RAMB36E1/CLKARDCLK  n/a            2.576     6.735   4.159    RAMB36_X2Y9      i_system_wrapper/system_i/axi_hdmi_core/inst/i_tx_core/i_mem/m_ram_reg/CLKARDCLK                                     
Max Period        n/a     MMCME2_ADV/CLKOUT0  n/a            213.360   6.735   206.625  MMCME2_ADV_X0Y0  i_system_wrapper/system_i/axi_hdmi_clkgen/inst/i_mmcm_drp/i_mmcm/CLKOUT0                                             
Low Pulse Width   Slow    SRL16E/CLK          n/a            0.980     3.367   2.387    SLICE_X46Y44     i_system_wrapper/system_i/axi_hdmi_core/inst/i_tx_core/i_csc_RGB2CrYCb/i_csc_1_Cr/i_add_c4/p3_ddata_reg[0]_srl6/CLK  
High Pulse Width  Slow    SRL16E/CLK          n/a            0.980     3.367   2.387    SLICE_X66Y27     i_system_wrapper/system_i/axi_hdmi_core/inst/i_tx_core/i_ss_444to422/s444_sync_3d_reg[0]_srl3/CLK                    



---------------------------------------------------------------------------------------------------
From Clock:  mmcm_fb_clk_s
  To Clock:  mmcm_fb_clk_s

Setup :           NA  Failing Endpoints,  Worst Slack           NA  ,  Total Violation           NA
Hold  :           NA  Failing Endpoints,  Worst Slack           NA  ,  Total Violation           NA
PW    :            0  Failing Endpoints,  Worst Slack       45.000ns,  Total Violation        0.000ns
---------------------------------------------------------------------------------------------------


Pulse Width Checks
--------------------------------------------------------------------------------------
Clock Name:         mmcm_fb_clk_s
Waveform:           { 0 27.5 }
Period:             55.000
Sources:            { i_system_wrapper/system_i/axi_hdmi_clkgen/inst/i_mmcm_drp/i_mmcm/CLKFBOUT }

Check Type  Corner  Lib Pin             Reference Pin  Required  Actual  Slack   Location         Pin                                                                        
Min Period  n/a     BUFG/I              n/a            2.155     55.000  52.845  BUFGCTRL_X0Y2    i_system_wrapper/system_i/axi_hdmi_clkgen/inst/i_mmcm_drp/i_fb_clk_bufg/I  
Max Period  n/a     MMCME2_ADV/CLKFBIN  n/a            100.000   55.000  45.000  MMCME2_ADV_X0Y0  i_system_wrapper/system_i/axi_hdmi_clkgen/inst/i_mmcm_drp/i_mmcm/CLKFBIN   



---------------------------------------------------------------------------------------------------
From Clock:  i_system_wrapper/system_i/sys_audio_clkgen/inst/clk_in1
  To Clock:  i_system_wrapper/system_i/sys_audio_clkgen/inst/clk_in1

Setup :           NA  Failing Endpoints,  Worst Slack           NA  ,  Total Violation           NA
Hold  :           NA  Failing Endpoints,  Worst Slack           NA  ,  Total Violation           NA
PW    :            0  Failing Endpoints,  Worst Slack        3.751ns,  Total Violation        0.000ns
---------------------------------------------------------------------------------------------------


Pulse Width Checks
--------------------------------------------------------------------------------------
Clock Name:         i_system_wrapper/system_i/sys_audio_clkgen/inst/clk_in1
Waveform:           { 0 2.5 }
Period:             5.000
Sources:            { i_system_wrapper/system_i/sys_audio_clkgen/inst/clk_in1 }

Check Type  Corner  Lib Pin            Reference Pin  Required  Actual  Slack   Location         Pin                                                                   
Min Period  n/a     MMCME2_ADV/CLKIN1  n/a            1.249     5.000   3.751   MMCME2_ADV_X1Y0  i_system_wrapper/system_i/sys_audio_clkgen/inst/mmcm_adv_inst/CLKIN1  
Max Period  n/a     MMCME2_ADV/CLKIN1  n/a            100.000   5.000   95.000  MMCME2_ADV_X1Y0  i_system_wrapper/system_i/sys_audio_clkgen/inst/mmcm_adv_inst/CLKIN1  



---------------------------------------------------------------------------------------------------
From Clock:  clk_out1_system_sys_audio_clkgen_0
  To Clock:  clk_out1_system_sys_audio_clkgen_0

Setup :            0  Failing Endpoints,  Worst Slack       78.511ns,  Total Violation        0.000ns
Hold  :            0  Failing Endpoints,  Worst Slack        0.099ns,  Total Violation        0.000ns
PW    :            0  Failing Endpoints,  Worst Slack       39.440ns,  Total Violation        0.000ns
---------------------------------------------------------------------------------------------------


Max Delay Paths
--------------------------------------------------------------------------------------
Slack (MET) :             78.511ns  (required time - arrival time)
  Source:                 i_system_wrapper/system_i/axi_i2s_adi/U0/ctrl/tx_sync/rd_addr_reg[1]/C
                            (rising edge-triggered cell FDRE clocked by clk_out1_system_sys_audio_clkgen_0  {rise@0.000ns fall@40.690ns period=81.380ns})
  Destination:            i_system_wrapper/system_i/axi_i2s_adi/U0/ctrl/tx_sync/out_data_reg[2]/D
                            (rising edge-triggered cell FDRE clocked by clk_out1_system_sys_audio_clkgen_0  {rise@0.000ns fall@40.690ns period=81.380ns})
  Path Group:             clk_out1_system_sys_audio_clkgen_0
  Path Type:              Setup (Max at Slow Process Corner)
  Requirement:            81.380ns  (clk_out1_system_sys_audio_clkgen_0 rise@81.380ns - clk_out1_system_sys_audio_clkgen_0 rise@0.000ns)
  Data Path Delay:        2.354ns  (logic 0.746ns (31.691%)  route 1.608ns (68.309%))
  Logic Levels:           1  (RAMD32=1)
  Clock Path Skew:        -0.063ns (DCD - SCD + CPR)
    Destination Clock Delay (DCD):    1.510ns = ( 82.890 - 81.380 ) 
    Source Clock Delay      (SCD):    1.687ns
    Clock Pessimism Removal (CPR):    0.114ns
  Clock Uncertainty:      0.168ns  ((TSJ^2 + DJ^2)^1/2) / 2 + PE
    Total System Jitter     (TSJ):    0.071ns
    Discrete Jitter          (DJ):    0.328ns
    Phase Error              (PE):    0.000ns

    Location             Delay type                Incr(ns)  Path(ns)    Netlist Resource(s)
  -------------------------------------------------------------------    -------------------
                         (clock clk_out1_system_sys_audio_clkgen_0 rise edge)
                                                      0.000     0.000 r  
    BUFGCTRL_X0Y17       BUFG                         0.000     0.000 r  i_system_wrapper/system_i/sys_ps7/inst/buffer_fclk_clk_1.FCLK_CLK_1_BUFG/O
                         net (fo=2, routed)           1.806     1.806    i_system_wrapper/system_i/sys_audio_clkgen/inst/clk_in1
    MMCME2_ADV_X1Y0      MMCME2_ADV (Prop_mmcme2_adv_CLKIN1_CLKOUT0)
                                                     -3.793    -1.987 r  i_system_wrapper/system_i/sys_audio_clkgen/inst/mmcm_adv_inst/CLKOUT0
                         net (fo=1, routed)           1.889    -0.098    i_system_wrapper/system_i/sys_audio_clkgen/inst/clk_out1_system_sys_audio_clkgen_0
    BUFGCTRL_X0Y1        BUFG (Prop_bufg_I_O)         0.101     0.003 r  i_system_wrapper/system_i/sys_audio_clkgen/inst/clkout1_buf/O
                         net (fo=36, routed)          1.684     1.687    i_system_wrapper/system_i/axi_i2s_adi/U0/ctrl/tx_sync/DATA_CLK_I
    SLICE_X29Y76                                                      r  i_system_wrapper/system_i/axi_i2s_adi/U0/ctrl/tx_sync/rd_addr_reg[1]/C
  -------------------------------------------------------------------    -------------------
    SLICE_X29Y76         FDRE (Prop_fdre_C_Q)         0.419     2.106 r  i_system_wrapper/system_i/axi_i2s_adi/U0/ctrl/tx_sync/rd_addr_reg[1]/Q
                         net (fo=7, routed)           1.130     3.236    i_system_wrapper/system_i/axi_i2s_adi/U0/ctrl/tx_sync/fifo_reg_0_3_0_4/ADDRB1
    SLICE_X26Y76         RAMD32 (Prop_ramd32_RADR1_O)
                                                      0.327     3.563 r  i_system_wrapper/system_i/axi_i2s_adi/U0/ctrl/tx_sync/fifo_reg_0_3_0_4/RAMB/O
                         net (fo=1, routed)           0.478     4.041    i_system_wrapper/system_i/axi_i2s_adi/U0/ctrl/tx_sync/out_data0[2]
    SLICE_X27Y75         FDRE                                         r  i_system_wrapper/system_i/axi_i2s_adi/U0/ctrl/tx_sync/out_data_reg[2]/D
  -------------------------------------------------------------------    -------------------

                         (clock clk_out1_system_sys_audio_clkgen_0 rise edge)
                                                     81.380    81.380 r  
    BUFGCTRL_X0Y17       BUFG                         0.000    81.380 r  i_system_wrapper/system_i/sys_ps7/inst/buffer_fclk_clk_1.FCLK_CLK_1_BUFG/O
                         net (fo=2, routed)           1.612    82.993    i_system_wrapper/system_i/sys_audio_clkgen/inst/clk_in1
    MMCME2_ADV_X1Y0      MMCME2_ADV (Prop_mmcme2_adv_CLKIN1_CLKOUT0)
                                                     -3.425    79.567 r  i_system_wrapper/system_i/sys_audio_clkgen/inst/mmcm_adv_inst/CLKOUT0
                         net (fo=1, routed)           1.725    81.292    i_system_wrapper/system_i/sys_audio_clkgen/inst/clk_out1_system_sys_audio_clkgen_0
    BUFGCTRL_X0Y1        BUFG (Prop_bufg_I_O)         0.091    81.383 r  i_system_wrapper/system_i/sys_audio_clkgen/inst/clkout1_buf/O
                         net (fo=36, routed)          1.507    82.890    i_system_wrapper/system_i/axi_i2s_adi/U0/ctrl/tx_sync/DATA_CLK_I
    SLICE_X27Y75                                                      r  i_system_wrapper/system_i/axi_i2s_adi/U0/ctrl/tx_sync/out_data_reg[2]/C
                         clock pessimism              0.114    83.004    
                         clock uncertainty           -0.168    82.837    
    SLICE_X27Y75         FDRE (Setup_fdre_C_D)       -0.285    82.551    i_system_wrapper/system_i/axi_i2s_adi/U0/ctrl/tx_sync/out_data_reg[2]
  -------------------------------------------------------------------
                         required time                         82.551    
                         arrival time                          -4.041    
  -------------------------------------------------------------------
                         slack                                 78.511    





Min Delay Paths
--------------------------------------------------------------------------------------
Slack (MET) :             0.099ns  (arrival time - required time)
  Source:                 i_system_wrapper/system_i/axi_i2s_adi/U0/ctrl/rx_sync_fifo_in_reg[2]/C
                            (rising edge-triggered cell FDRE clocked by clk_out1_system_sys_audio_clkgen_0  {rise@0.000ns fall@40.690ns period=81.380ns})
  Destination:            i_system_wrapper/system_i/axi_i2s_adi/U0/ctrl/rx_gen.rx_sync/fifo_reg_0_3_0_4/RAMB/I
                            (rising edge-triggered cell RAMD32 clocked by clk_out1_system_sys_audio_clkgen_0  {rise@0.000ns fall@40.690ns period=81.380ns})
  Path Group:             clk_out1_system_sys_audio_clkgen_0
  Path Type:              Hold (Min at Fast Process Corner)
  Requirement:            0.000ns  (clk_out1_system_sys_audio_clkgen_0 rise@0.000ns - clk_out1_system_sys_audio_clkgen_0 rise@0.000ns)
  Data Path Delay:        0.278ns  (logic 0.141ns (50.650%)  route 0.137ns (49.350%))
  Logic Levels:           0  
  Clock Path Skew:        0.033ns (DCD - SCD - CPR)
    Destination Clock Delay (DCD):    0.831ns
    Source Clock Delay      (SCD):    0.564ns
    Clock Pessimism Removal (CPR):    0.234ns

    Location             Delay type                Incr(ns)  Path(ns)    Netlist Resource(s)
  -------------------------------------------------------------------    -------------------
                         (clock clk_out1_system_sys_audio_clkgen_0 rise edge)
                                                      0.000     0.000 r  
    BUFGCTRL_X0Y17       BUFG                         0.000     0.000 r  i_system_wrapper/system_i/sys_ps7/inst/buffer_fclk_clk_1.FCLK_CLK_1_BUFG/O
                         net (fo=2, routed)           0.597     0.597    i_system_wrapper/system_i/sys_audio_clkgen/inst/clk_in1
    MMCME2_ADV_X1Y0      MMCME2_ADV (Prop_mmcme2_adv_CLKIN1_CLKOUT0)
                                                     -1.149    -0.553 r  i_system_wrapper/system_i/sys_audio_clkgen/inst/mmcm_adv_inst/CLKOUT0
                         net (fo=1, routed)           0.529    -0.024    i_system_wrapper/system_i/sys_audio_clkgen/inst/clk_out1_system_sys_audio_clkgen_0
    BUFGCTRL_X0Y1        BUFG (Prop_bufg_I_O)         0.026     0.002 r  i_system_wrapper/system_i/sys_audio_clkgen/inst/clkout1_buf/O
                         net (fo=36, routed)          0.562     0.564    i_system_wrapper/system_i/axi_i2s_adi/U0/ctrl/DATA_CLK_I
    SLICE_X27Y74                                                      r  i_system_wrapper/system_i/axi_i2s_adi/U0/ctrl/rx_sync_fifo_in_reg[2]/C
  -------------------------------------------------------------------    -------------------
    SLICE_X27Y74         FDRE (Prop_fdre_C_Q)         0.141     0.705 r  i_system_wrapper/system_i/axi_i2s_adi/U0/ctrl/rx_sync_fifo_in_reg[2]/Q
                         net (fo=1, routed)           0.137     0.842    i_system_wrapper/system_i/axi_i2s_adi/U0/ctrl/rx_gen.rx_sync/fifo_reg_0_3_0_4/DIB0
    SLICE_X26Y75         RAMD32                                       r  i_system_wrapper/system_i/axi_i2s_adi/U0/ctrl/rx_gen.rx_sync/fifo_reg_0_3_0_4/RAMB/I
  -------------------------------------------------------------------    -------------------

                         (clock clk_out1_system_sys_audio_clkgen_0 rise edge)
                                                      0.000     0.000 r  
    BUFGCTRL_X0Y17       BUFG                         0.000     0.000 r  i_system_wrapper/system_i/sys_ps7/inst/buffer_fclk_clk_1.FCLK_CLK_1_BUFG/O
                         net (fo=2, routed)           0.864     0.864    i_system_wrapper/system_i/sys_audio_clkgen/inst/clk_in1
    MMCME2_ADV_X1Y0      MMCME2_ADV (Prop_mmcme2_adv_CLKIN1_CLKOUT0)
                                                     -1.467    -0.603 r  i_system_wrapper/system_i/sys_audio_clkgen/inst/mmcm_adv_inst/CLKOUT0
                         net (fo=1, routed)           0.576    -0.027    i_system_wrapper/system_i/sys_audio_clkgen/inst/clk_out1_system_sys_audio_clkgen_0
    BUFGCTRL_X0Y1        BUFG (Prop_bufg_I_O)         0.029     0.002 r  i_system_wrapper/system_i/sys_audio_clkgen/inst/clkout1_buf/O
                         net (fo=36, routed)          0.829     0.831    i_system_wrapper/system_i/axi_i2s_adi/U0/ctrl/rx_gen.rx_sync/fifo_reg_0_3_0_4/WCLK
    SLICE_X26Y75                                                      r  i_system_wrapper/system_i/axi_i2s_adi/U0/ctrl/rx_gen.rx_sync/fifo_reg_0_3_0_4/RAMB/CLK
                         clock pessimism             -0.234     0.597    
    SLICE_X26Y75         RAMD32 (Hold_ramd32_CLK_I)
                                                      0.146     0.743    i_system_wrapper/system_i/axi_i2s_adi/U0/ctrl/rx_gen.rx_sync/fifo_reg_0_3_0_4/RAMB
  -------------------------------------------------------------------
                         required time                         -0.743    
                         arrival time                           0.842    
  -------------------------------------------------------------------
                         slack                                  0.099    





Pulse Width Checks
--------------------------------------------------------------------------------------
Clock Name:         clk_out1_system_sys_audio_clkgen_0
Waveform:           { 0 40.6901 }
Period:             81.380
Sources:            { i_system_wrapper/system_i/sys_audio_clkgen/inst/mmcm_adv_inst/CLKOUT0 }

Check Type        Corner  Lib Pin             Reference Pin  Required  Actual  Slack    Location         Pin                                                                                     
Min Period        n/a     BUFG/I              n/a            2.155     81.380  79.225   BUFGCTRL_X0Y1    i_system_wrapper/system_i/sys_audio_clkgen/inst/clkout1_buf/I                           
Max Period        n/a     MMCME2_ADV/CLKOUT0  n/a            213.360   81.380  131.980  MMCME2_ADV_X1Y0  i_system_wrapper/system_i/sys_audio_clkgen/inst/mmcm_adv_inst/CLKOUT0                   
Low Pulse Width   Fast    RAMD32/CLK          n/a            1.250     40.690  39.440   SLICE_X26Y75     i_system_wrapper/system_i/axi_i2s_adi/U0/ctrl/rx_gen.rx_sync/fifo_reg_0_3_0_4/RAMA/CLK  
High Pulse Width  Fast    RAMD32/CLK          n/a            1.250     40.690  39.440   SLICE_X26Y75     i_system_wrapper/system_i/axi_i2s_adi/U0/ctrl/rx_gen.rx_sync/fifo_reg_0_3_0_4/RAMA/CLK  



---------------------------------------------------------------------------------------------------
From Clock:  clkfbout_system_sys_audio_clkgen_0
  To Clock:  clkfbout_system_sys_audio_clkgen_0

Setup :           NA  Failing Endpoints,  Worst Slack           NA  ,  Total Violation           NA
Hold  :           NA  Failing Endpoints,  Worst Slack           NA  ,  Total Violation           NA
PW    :            0  Failing Endpoints,  Worst Slack       42.845ns,  Total Violation        0.000ns
---------------------------------------------------------------------------------------------------


Pulse Width Checks
--------------------------------------------------------------------------------------
Clock Name:         clkfbout_system_sys_audio_clkgen_0
Waveform:           { 0 22.5 }
Period:             45.000
Sources:            { i_system_wrapper/system_i/sys_audio_clkgen/inst/mmcm_adv_inst/CLKFBOUT }

Check Type  Corner  Lib Pin             Reference Pin  Required  Actual  Slack   Location         Pin                                                                    
Min Period  n/a     BUFG/I              n/a            2.155     45.000  42.845  BUFGCTRL_X0Y3    i_system_wrapper/system_i/sys_audio_clkgen/inst/clkf_buf/I             
Max Period  n/a     MMCME2_ADV/CLKFBIN  n/a            100.000   45.000  55.000  MMCME2_ADV_X1Y0  i_system_wrapper/system_i/sys_audio_clkgen/inst/mmcm_adv_inst/CLKFBIN  



---------------------------------------------------------------------------------------------------
From Clock:  mmcm_clk_0_s
  To Clock:  clk_fpga_0

Setup :            0  Failing Endpoints,  Worst Slack        8.328ns,  Total Violation        0.000ns
Hold  :           NA  Failing Endpoints,  Worst Slack           NA  ,  Total Violation           NA
---------------------------------------------------------------------------------------------------


Max Delay Paths
--------------------------------------------------------------------------------------
Slack (MET) :             8.328ns  (required time - arrival time)
  Source:                 i_system_wrapper/system_i/axi_hdmi_core/inst/i_up/i_hdmi_clock_mon/d_count_hold_reg[7]/C
                            (rising edge-triggered cell FDRE clocked by mmcm_clk_0_s)
  Destination:            i_system_wrapper/system_i/axi_hdmi_core/inst/i_up/i_hdmi_clock_mon/up_d_count_reg[7]/D
                            (rising edge-triggered cell FDCE clocked by clk_fpga_0)
  Path Group:             clk_fpga_0
  Path Type:              Setup (Max at Slow Process Corner)
  Requirement:            10.000ns  (MaxDelay Path 10.000ns)
  Data Path Delay:        1.439ns  (logic 0.419ns (29.109%)  route 1.020ns (70.891%))
  Logic Levels:           0  
  Timing Exception:       MaxDelay Path 10.000ns -datapath_only

    Location             Delay type                Incr(ns)  Path(ns)    Netlist Resource(s)
  -------------------------------------------------------------------    -------------------
    SLICE_X53Y60                                      0.000     0.000 r  i_system_wrapper/system_i/axi_hdmi_core/inst/i_up/i_hdmi_clock_mon/d_count_hold_reg[7]/C
    SLICE_X53Y60         FDRE (Prop_fdre_C_Q)         0.419     0.419 r  i_system_wrapper/system_i/axi_hdmi_core/inst/i_up/i_hdmi_clock_mon/d_count_hold_reg[7]/Q
                         net (fo=1, routed)           1.020     1.439    i_system_wrapper/system_i/axi_hdmi_core/inst/i_up/i_hdmi_clock_mon/d_count_hold[7]
    SLICE_X53Y55         FDCE                                         r  i_system_wrapper/system_i/axi_hdmi_core/inst/i_up/i_hdmi_clock_mon/up_d_count_reg[7]/D
  -------------------------------------------------------------------    -------------------

                         max delay                   10.000    10.000    
    SLICE_X53Y55         FDCE (Setup_fdce_C_D)       -0.233     9.767    i_system_wrapper/system_i/axi_hdmi_core/inst/i_up/i_hdmi_clock_mon/up_d_count_reg[7]
  -------------------------------------------------------------------
                         required time                          9.767    
                         arrival time                          -1.439    
  -------------------------------------------------------------------
                         slack                                  8.328    





---------------------------------------------------------------------------------------------------
From Clock:  clk_out1_system_sys_audio_clkgen_0
  To Clock:  clk_fpga_0

Setup :            0  Failing Endpoints,  Worst Slack        7.726ns,  Total Violation        0.000ns
Hold  :           NA  Failing Endpoints,  Worst Slack           NA  ,  Total Violation           NA
---------------------------------------------------------------------------------------------------


Max Delay Paths
--------------------------------------------------------------------------------------
Slack (MET) :             7.726ns  (required time - arrival time)
  Source:                 i_system_wrapper/system_i/axi_i2s_adi/U0/ctrl/rx_gen.rx_sync/fifo_reg_0_3_0_4/RAMA/CLK
                            (rising edge-triggered cell RAMD32 clocked by clk_out1_system_sys_audio_clkgen_0)
  Destination:            i_system_wrapper/system_i/axi_i2s_adi/U0/ctrl/rx_gen.rx_sync/out_data_reg[0]/D
                            (rising edge-triggered cell FDRE clocked by clk_fpga_0)
  Path Group:             clk_fpga_0
  Path Type:              Setup (Max at Slow Process Corner)
  Requirement:            10.000ns  (MaxDelay Path 10.000ns)
  Data Path Delay:        2.003ns  (logic 1.344ns (67.101%)  route 0.659ns (32.899%))
  Logic Levels:           0  
  Timing Exception:       MaxDelay Path 10.000ns -datapath_only

    Location             Delay type                Incr(ns)  Path(ns)    Netlist Resource(s)
  -------------------------------------------------------------------    -------------------
    SLICE_X26Y75                                      0.000     0.000 r  i_system_wrapper/system_i/axi_i2s_adi/U0/ctrl/rx_gen.rx_sync/fifo_reg_0_3_0_4/RAMA/CLK
    SLICE_X26Y75         RAMD32 (Prop_ramd32_CLK_O)
                                                      1.344     1.344 r  i_system_wrapper/system_i/axi_i2s_adi/U0/ctrl/rx_gen.rx_sync/fifo_reg_0_3_0_4/RAMA/O
                         net (fo=1, routed)           0.659     2.003    i_system_wrapper/system_i/axi_i2s_adi/U0/ctrl/rx_gen.rx_sync/out_data0__0[0]
    SLICE_X28Y73         FDRE                                         r  i_system_wrapper/system_i/axi_i2s_adi/U0/ctrl/rx_gen.rx_sync/out_data_reg[0]/D
  -------------------------------------------------------------------    -------------------

                         max delay                   10.000    10.000    
    SLICE_X28Y73         FDRE (Setup_fdre_C_D)       -0.271     9.729    i_system_wrapper/system_i/axi_i2s_adi/U0/ctrl/rx_gen.rx_sync/out_data_reg[0]
  -------------------------------------------------------------------
                         required time                          9.729    
                         arrival time                          -2.003    
  -------------------------------------------------------------------
                         slack                                  7.726    





---------------------------------------------------------------------------------------------------
From Clock:  clk_fpga_0
  To Clock:  mmcm_clk_0_s

Setup :            0  Failing Endpoints,  Worst Slack        4.789ns,  Total Violation        0.000ns
Hold  :           NA  Failing Endpoints,  Worst Slack           NA  ,  Total Violation           NA
---------------------------------------------------------------------------------------------------


Max Delay Paths
--------------------------------------------------------------------------------------
Slack (MET) :             4.789ns  (required time - arrival time)
  Source:                 i_system_wrapper/system_i/axi_hdmi_core/inst/i_up/i_hdmi_xfer_cntrl/up_xfer_data_reg[130]/C
                            (rising edge-triggered cell FDCE clocked by clk_fpga_0)
  Destination:            i_system_wrapper/system_i/axi_hdmi_core/inst/i_up/i_hdmi_xfer_cntrl/d_data_cntrl_reg[130]/D
                            (rising edge-triggered cell FDRE clocked by mmcm_clk_0_s)
  Path Group:             mmcm_clk_0_s
  Path Type:              Setup (Max at Slow Process Corner)
  Requirement:            6.735ns  (MaxDelay Path 6.735ns)
  Data Path Delay:        1.841ns  (logic 0.518ns (28.131%)  route 1.323ns (71.869%))
  Logic Levels:           0  
  Timing Exception:       MaxDelay Path 6.735ns -datapath_only

    Location             Delay type                Incr(ns)  Path(ns)    Netlist Resource(s)
  -------------------------------------------------------------------    -------------------
    SLICE_X58Y57                                      0.000     0.000 r  i_system_wrapper/system_i/axi_hdmi_core/inst/i_up/i_hdmi_xfer_cntrl/up_xfer_data_reg[130]/C
    SLICE_X58Y57         FDCE (Prop_fdce_C_Q)         0.518     0.518 r  i_system_wrapper/system_i/axi_hdmi_core/inst/i_up/i_hdmi_xfer_cntrl/up_xfer_data_reg[130]/Q
                         net (fo=1, routed)           1.323     1.841    i_system_wrapper/system_i/axi_hdmi_core/inst/i_up/i_hdmi_xfer_cntrl/up_xfer_data[130]
    SLICE_X60Y60         FDRE                                         r  i_system_wrapper/system_i/axi_hdmi_core/inst/i_up/i_hdmi_xfer_cntrl/d_data_cntrl_reg[130]/D
  -------------------------------------------------------------------    -------------------

                         max delay                    6.735     6.735    
    SLICE_X60Y60         FDRE (Setup_fdre_C_D)       -0.105     6.630    i_system_wrapper/system_i/axi_hdmi_core/inst/i_up/i_hdmi_xfer_cntrl/d_data_cntrl_reg[130]
  -------------------------------------------------------------------
                         required time                          6.630    
                         arrival time                          -1.841    
  -------------------------------------------------------------------
                         slack                                  4.789    





---------------------------------------------------------------------------------------------------
From Clock:  clk_fpga_0
  To Clock:  clk_out1_system_sys_audio_clkgen_0

Setup :            0  Failing Endpoints,  Worst Slack       79.274ns,  Total Violation        0.000ns
Hold  :           NA  Failing Endpoints,  Worst Slack           NA  ,  Total Violation           NA
---------------------------------------------------------------------------------------------------


Max Delay Paths
--------------------------------------------------------------------------------------
Slack (MET) :             79.274ns  (required time - arrival time)
  Source:                 i_system_wrapper/system_i/axi_i2s_adi/U0/ctrl/tx_sync/fifo_reg_0_3_0_4/RAMB/CLK
                            (rising edge-triggered cell RAMD32 clocked by clk_fpga_0)
  Destination:            i_system_wrapper/system_i/axi_i2s_adi/U0/ctrl/tx_sync/out_data_reg[2]/D
                            (rising edge-triggered cell FDRE clocked by clk_out1_system_sys_audio_clkgen_0)
  Path Group:             clk_out1_system_sys_audio_clkgen_0
  Path Type:              Setup (Max at Slow Process Corner)
  Requirement:            81.380ns  (MaxDelay Path 81.380ns)
  Data Path Delay:        1.821ns  (logic 1.343ns (73.755%)  route 0.478ns (26.245%))
  Logic Levels:           0  
  Timing Exception:       MaxDelay Path 81.380ns -datapath_only

    Location             Delay type                Incr(ns)  Path(ns)    Netlist Resource(s)
  -------------------------------------------------------------------    -------------------
    SLICE_X26Y76                                      0.000     0.000 r  i_system_wrapper/system_i/axi_i2s_adi/U0/ctrl/tx_sync/fifo_reg_0_3_0_4/RAMB/CLK
    SLICE_X26Y76         RAMD32 (Prop_ramd32_CLK_O)
                                                      1.343     1.343 r  i_system_wrapper/system_i/axi_i2s_adi/U0/ctrl/tx_sync/fifo_reg_0_3_0_4/RAMB/O
                         net (fo=1, routed)           0.478     1.821    i_system_wrapper/system_i/axi_i2s_adi/U0/ctrl/tx_sync/out_data0[2]
    SLICE_X27Y75         FDRE                                         r  i_system_wrapper/system_i/axi_i2s_adi/U0/ctrl/tx_sync/out_data_reg[2]/D
  -------------------------------------------------------------------    -------------------

                         max delay                   81.380    81.380    
    SLICE_X27Y75         FDRE (Setup_fdre_C_D)       -0.285    81.095    i_system_wrapper/system_i/axi_i2s_adi/U0/ctrl/tx_sync/out_data_reg[2]
  -------------------------------------------------------------------
                         required time                         81.095    
                         arrival time                          -1.821    
  -------------------------------------------------------------------
                         slack                                 79.274    





---------------------------------------------------------------------------------------------------
Path Group:  **async_default**
From Clock:  clk_fpga_0
  To Clock:  clk_fpga_0

Setup :            0  Failing Endpoints,  Worst Slack        2.328ns,  Total Violation        0.000ns
Hold  :            0  Failing Endpoints,  Worst Slack        0.367ns,  Total Violation        0.000ns
---------------------------------------------------------------------------------------------------


Max Delay Paths
--------------------------------------------------------------------------------------
Slack (MET) :             2.328ns  (required time - arrival time)
  Source:                 i_system_wrapper/system_i/sys_rstgen/U0/ACTIVE_LOW_PR_OUT_DFF[0].peripheral_aresetn_reg[0]/C
                            (rising edge-triggered cell FDRE clocked by clk_fpga_0  {rise@0.000ns fall@5.000ns period=10.000ns})
  Destination:            i_system_wrapper/system_i/axi_hdmi_core/inst/i_up/i_hdmi_xfer_cntrl/up_xfer_data_reg[140]/CLR
                            (recovery check against rising-edge clock clk_fpga_0  {rise@0.000ns fall@5.000ns period=10.000ns})
  Path Group:             **async_default**
  Path Type:              Recovery (Max at Slow Process Corner)
  Requirement:            10.000ns  (clk_fpga_0 rise@10.000ns - clk_fpga_0 rise@0.000ns)
  Data Path Delay:        6.819ns  (logic 0.642ns (9.415%)  route 6.177ns (90.585%))
  Logic Levels:           1  (LUT1=1)
  Clock Path Skew:        -0.294ns (DCD - SCD + CPR)
    Destination Clock Delay (DCD):    2.715ns = ( 12.715 - 10.000 ) 
    Source Clock Delay      (SCD):    3.138ns
    Clock Pessimism Removal (CPR):    0.129ns
  Clock Uncertainty:      0.154ns  ((TSJ^2 + TIJ^2)^1/2 + DJ) / 2 + PE
    Total System Jitter     (TSJ):    0.071ns
    Total Input Jitter      (TIJ):    0.300ns
    Discrete Jitter          (DJ):    0.000ns
    Phase Error              (PE):    0.000ns

    Location             Delay type                Incr(ns)  Path(ns)    Netlist Resource(s)
  -------------------------------------------------------------------    -------------------
                         (clock clk_fpga_0 rise edge)
                                                      0.000     0.000 r  
    PS7_X0Y0             PS7                          0.000     0.000 r  i_system_wrapper/system_i/sys_ps7/inst/PS7_i/FCLKCLK[0]
                         net (fo=1, routed)           1.193     1.193    i_system_wrapper/system_i/sys_ps7/inst/FCLK_CLK_unbuffered[0]
    BUFGCTRL_X0Y16       BUFG (Prop_bufg_I_O)         0.101     1.294 r  i_system_wrapper/system_i/sys_ps7/inst/buffer_fclk_clk_0.FCLK_CLK_0_BUFG/O
                         net (fo=4631, routed)        1.844     3.138    i_system_wrapper/system_i/sys_rstgen/U0/slowest_sync_clk
    SLICE_X38Y105                                                     r  i_system_wrapper/system_i/sys_rstgen/U0/ACTIVE_LOW_PR_OUT_DFF[0].peripheral_aresetn_reg[0]/C
  -------------------------------------------------------------------    -------------------
    SLICE_X38Y105        FDRE (Prop_fdre_C_Q)         0.518     3.656 r  i_system_wrapper/system_i/sys_rstgen/U0/ACTIVE_LOW_PR_OUT_DFF[0].peripheral_aresetn_reg[0]/Q
                         net (fo=81, routed)          4.225     7.881    i_system_wrapper/system_i/axi_hdmi_core/inst/i_up/i_hdmi_xfer_cntrl/s_axi_aresetn
    SLICE_X52Y51         LUT1 (Prop_lut1_I0_O)        0.124     8.005 f  i_system_wrapper/system_i/axi_hdmi_core/inst/i_up/i_hdmi_xfer_cntrl/up_wdata[12]_i_1/O
                         net (fo=123, routed)         1.952     9.957    i_system_wrapper/system_i/axi_hdmi_core/inst/i_up/i_hdmi_xfer_cntrl/O2
    SLICE_X65Y64         FDCE                                         f  i_system_wrapper/system_i/axi_hdmi_core/inst/i_up/i_hdmi_xfer_cntrl/up_xfer_data_reg[140]/CLR
  -------------------------------------------------------------------    -------------------

                         (clock clk_fpga_0 rise edge)
                                                     10.000    10.000 r  
    PS7_X0Y0             PS7                          0.000    10.000 r  i_system_wrapper/system_i/sys_ps7/inst/PS7_i/FCLKCLK[0]
                         net (fo=1, routed)           1.088    11.088    i_system_wrapper/system_i/sys_ps7/inst/FCLK_CLK_unbuffered[0]
    BUFGCTRL_X0Y16       BUFG (Prop_bufg_I_O)         0.091    11.179 r  i_system_wrapper/system_i/sys_ps7/inst/buffer_fclk_clk_0.FCLK_CLK_0_BUFG/O
                         net (fo=4631, routed)        1.536    12.715    i_system_wrapper/system_i/axi_hdmi_core/inst/i_up/i_hdmi_xfer_cntrl/s_axi_aclk
    SLICE_X65Y64                                                      r  i_system_wrapper/system_i/axi_hdmi_core/inst/i_up/i_hdmi_xfer_cntrl/up_xfer_data_reg[140]/C
                         clock pessimism              0.129    12.844    
                         clock uncertainty           -0.154    12.690    
    SLICE_X65Y64         FDCE (Recov_fdce_C_CLR)     -0.405    12.285    i_system_wrapper/system_i/axi_hdmi_core/inst/i_up/i_hdmi_xfer_cntrl/up_xfer_data_reg[140]
  -------------------------------------------------------------------
                         required time                         12.285    
                         arrival time                          -9.957    
  -------------------------------------------------------------------
                         slack                                  2.328    





Min Delay Paths
--------------------------------------------------------------------------------------
Slack (MET) :             0.367ns  (arrival time - required time)
  Source:                 i_system_wrapper/system_i/axi_hp0_interconnect/s00_couplers/auto_pc/inst/gen_axi4_axi3.axi3_conv_inst/USE_READ.USE_SPLIT_R.read_addr_inst/USE_R_CHANNEL.cmd_queue/inst/fifo_gen_inst/inst_fifo_gen/gconvfifo.rf/grf.rf/rstblk/ngwrdrst.grst.g7serrst.rd_rst_reg_reg[2]/C
                            (rising edge-triggered cell FDPE clocked by clk_fpga_0  {rise@0.000ns fall@5.000ns period=10.000ns})
  Destination:            i_system_wrapper/system_i/axi_hp0_interconnect/s00_couplers/auto_pc/inst/gen_axi4_axi3.axi3_conv_inst/USE_READ.USE_SPLIT_R.read_addr_inst/USE_R_CHANNEL.cmd_queue/inst/fifo_gen_inst/inst_fifo_gen/gconvfifo.rf/grf.rf/gntv_or_sync_fifo.gl0.rd/gr1.rfwft/gpregsm1.curr_fwft_state_reg[1]/CLR
                            (removal check against rising-edge clock clk_fpga_0  {rise@0.000ns fall@5.000ns period=10.000ns})
  Path Group:             **async_default**
  Path Type:              Removal (Min at Fast Process Corner)
  Requirement:            0.000ns  (clk_fpga_0 rise@0.000ns - clk_fpga_0 rise@0.000ns)
  Data Path Delay:        0.291ns  (logic 0.164ns (56.433%)  route 0.127ns (43.567%))
  Logic Levels:           0  
  Clock Path Skew:        0.016ns (DCD - SCD - CPR)
    Destination Clock Delay (DCD):    1.232ns
    Source Clock Delay      (SCD):    0.932ns
    Clock Pessimism Removal (CPR):    0.285ns

    Location             Delay type                Incr(ns)  Path(ns)    Netlist Resource(s)
  -------------------------------------------------------------------    -------------------
                         (clock clk_fpga_0 rise edge)
                                                      0.000     0.000 r  
    PS7_X0Y0             PS7                          0.000     0.000 r  i_system_wrapper/system_i/sys_ps7/inst/PS7_i/FCLKCLK[0]
                         net (fo=1, routed)           0.310     0.310    i_system_wrapper/system_i/sys_ps7/inst/FCLK_CLK_unbuffered[0]
    BUFGCTRL_X0Y16       BUFG (Prop_bufg_I_O)         0.026     0.336 r  i_system_wrapper/system_i/sys_ps7/inst/buffer_fclk_clk_0.FCLK_CLK_0_BUFG/O
                         net (fo=4631, routed)        0.596     0.931    i_system_wrapper/system_i/axi_hp0_interconnect/s00_couplers/auto_pc/inst/gen_axi4_axi3.axi3_conv_inst/USE_READ.USE_SPLIT_R.read_addr_inst/USE_R_CHANNEL.cmd_queue/inst/fifo_gen_inst/inst_fifo_gen/gconvfifo.rf/grf.rf/rstblk/clk
    SLICE_X18Y48                                                      r  i_system_wrapper/system_i/axi_hp0_interconnect/s00_couplers/auto_pc/inst/gen_axi4_axi3.axi3_conv_inst/USE_READ.USE_SPLIT_R.read_addr_inst/USE_R_CHANNEL.cmd_queue/inst/fifo_gen_inst/inst_fifo_gen/gconvfifo.rf/grf.rf/rstblk/ngwrdrst.grst.g7serrst.rd_rst_reg_reg[2]/C
  -------------------------------------------------------------------    -------------------
    SLICE_X18Y48         FDPE (Prop_fdpe_C_Q)         0.164     1.095 f  i_system_wrapper/system_i/axi_hp0_interconnect/s00_couplers/auto_pc/inst/gen_axi4_axi3.axi3_conv_inst/USE_READ.USE_SPLIT_R.read_addr_inst/USE_R_CHANNEL.cmd_queue/inst/fifo_gen_inst/inst_fifo_gen/gconvfifo.rf/grf.rf/rstblk/ngwrdrst.grst.g7serrst.rd_rst_reg_reg[2]/Q
                         net (fo=15, routed)          0.127     1.222    i_system_wrapper/system_i/axi_hp0_interconnect/s00_couplers/auto_pc/inst/gen_axi4_axi3.axi3_conv_inst/USE_READ.USE_SPLIT_R.read_addr_inst/USE_R_CHANNEL.cmd_queue/inst/fifo_gen_inst/inst_fifo_gen/gconvfifo.rf/grf.rf/gntv_or_sync_fifo.gl0.rd/gr1.rfwft/Q[0]
    SLICE_X17Y48         FDCE                                         f  i_system_wrapper/system_i/axi_hp0_interconnect/s00_couplers/auto_pc/inst/gen_axi4_axi3.axi3_conv_inst/USE_READ.USE_SPLIT_R.read_addr_inst/USE_R_CHANNEL.cmd_queue/inst/fifo_gen_inst/inst_fifo_gen/gconvfifo.rf/grf.rf/gntv_or_sync_fifo.gl0.rd/gr1.rfwft/gpregsm1.curr_fwft_state_reg[1]/CLR
  -------------------------------------------------------------------    -------------------

                         (clock clk_fpga_0 rise edge)
                                                      0.000     0.000 r  
    PS7_X0Y0             PS7                          0.000     0.000 r  i_system_wrapper/system_i/sys_ps7/inst/PS7_i/FCLKCLK[0]
                         net (fo=1, routed)           0.337     0.337    i_system_wrapper/system_i/sys_ps7/inst/FCLK_CLK_unbuffered[0]
    BUFGCTRL_X0Y16       BUFG (Prop_bufg_I_O)         0.029     0.366 r  i_system_wrapper/system_i/sys_ps7/inst/buffer_fclk_clk_0.FCLK_CLK_0_BUFG/O
                         net (fo=4631, routed)        0.866     1.232    i_system_wrapper/system_i/axi_hp0_interconnect/s00_couplers/auto_pc/inst/gen_axi4_axi3.axi3_conv_inst/USE_READ.USE_SPLIT_R.read_addr_inst/USE_R_CHANNEL.cmd_queue/inst/fifo_gen_inst/inst_fifo_gen/gconvfifo.rf/grf.rf/gntv_or_sync_fifo.gl0.rd/gr1.rfwft/clk
    SLICE_X17Y48                                                      r  i_system_wrapper/system_i/axi_hp0_interconnect/s00_couplers/auto_pc/inst/gen_axi4_axi3.axi3_conv_inst/USE_READ.USE_SPLIT_R.read_addr_inst/USE_R_CHANNEL.cmd_queue/inst/fifo_gen_inst/inst_fifo_gen/gconvfifo.rf/grf.rf/gntv_or_sync_fifo.gl0.rd/gr1.rfwft/gpregsm1.curr_fwft_state_reg[1]/C
                         clock pessimism             -0.285     0.947    
    SLICE_X17Y48         FDCE (Remov_fdce_C_CLR)     -0.092     0.855    i_system_wrapper/system_i/axi_hp0_interconnect/s00_couplers/auto_pc/inst/gen_axi4_axi3.axi3_conv_inst/USE_READ.USE_SPLIT_R.read_addr_inst/USE_R_CHANNEL.cmd_queue/inst/fifo_gen_inst/inst_fifo_gen/gconvfifo.rf/grf.rf/gntv_or_sync_fifo.gl0.rd/gr1.rfwft/gpregsm1.curr_fwft_state_reg[1]
  -------------------------------------------------------------------
                         required time                         -0.856    
                         arrival time                           1.222    
  -------------------------------------------------------------------
                         slack                                  0.367    





